<?xml version="1.0" encoding="UTF-8"?>
<!-- Generated by org.testng.reporters.JUnitReportReporter -->
<testsuite hostname="Puneets-MBP.home" failures="0" tests="4" name="testNGbasics.NewTest" time="2.031" errors="0" timestamp="2021-09-14T10:38:05 EDT" skipped="0">
  <testcase classname="testNGbasics.NewTest" name="enterUserPass" time="0.163"/>
  <system-out/>
  <testcase classname="testNGbasics.NewTest" name="clickLogin" time="1.101"/>
  <system-out/>
  <testcase classname="testNGbasics.NewTest" name="welcomeUserLink" time="0.365"/>
  <system-out/>
  <testcase classname="testNGbasics.NewTest" name="logoutClick" time="0.402"/>
  <system-out/>
</testsuite> <!-- testNGbasics.NewTest -->
